{
  "RSpec": {
    "coverage": {
      "/vagrant/system_notification/dummy/config/environment.rb": [
        null,
        1,
        null,
        null,
        1
      ],
      "/vagrant/system_notification/dummy/config/application.rb": [
        1,
        null,
        1,
        null,
        1,
        1,
        null,
        1,
        1,
        null,
        null,
        null,
        null,
        null,
        null,
        null,
        null,
        null,
        null,
        null,
        null,
        null,
        1,
        null,
        null,
        null
      ],
      "/vagrant/system_notification/dummy/config/boot.rb": [
        null,
        1,
        null,
        1,
        1
      ],
      "/vagrant/system_notification/lib/system_notification.rb": [
        1,
        null,
        1,
        null
      ],
      "/vagrant/system_notification/lib/system_notification/engine.rb": [
        1,
        1,
        1,
        null,
        1,
        1,
        1,
        null,
        null,
        null,
        1,
        1,
        0,
        0,
        null,
        null,
        null,
        null,
        null,
        null,
        null,
        null,
        null,
        null,
        null,
        null,
        null,
        null,
        null,
        null,
        null,
        null
      ],
      "/vagrant/system_notification/dummy/config/environments/test.rb": [
        1,
        null,
        null,
        null,
        null,
        null,
        null,
        1,
        null,
        null,
        null,
        null,
        1,
        null,
        null,
        1,
        1,
        null,
        null,
        1,
        1,
        null,
        null,
        1,
        null,
        null,
        1,
        null,
        null,
        null,
        null,
        1,
        null,
        null,
        1,
        null,
        null,
        1,
        null,
        null,
        null,
        null
      ],
      "/vagrant/system_notification/dummy/config/initializers/assets.rb": [
        null,
        null,
        null,
        1,
        null,
        null,
        null,
        null,
        null,
        null,
        null
      ],
      "/vagrant/system_notification/dummy/config/initializers/backtrace_silencers.rb": [
        null,
        null,
        null,
        null,
        null,
        null,
        null
      ],
      "/vagrant/system_notification/dummy/config/initializers/cookies_serializer.rb": [
        null,
        null,
        1
      ],
      "/vagrant/system_notification/dummy/config/initializers/filter_parameter_logging.rb": [
        null,
        null,
        null,
        1
      ],
      "/vagrant/system_notification/dummy/config/initializers/inflections.rb": [
        null,
        null,
        null,
        null,
        null,
        null,
        null,
        null,
        null,
        null,
        null,
        null,
        null,
        null,
        null,
        null
      ],
      "/vagrant/system_notification/dummy/config/initializers/mime_types.rb": [
        null,
        null,
        null,
        null
      ],
      "/vagrant/system_notification/dummy/config/initializers/session_store.rb": [
        null,
        null,
        1
      ],
      "/vagrant/system_notification/dummy/config/initializers/wrap_parameters.rb": [
        null,
        null,
        null,
        null,
        null,
        null,
        1,
        1,
        null,
        null,
        null,
        null,
        null,
        null
      ],
      "/vagrant/system_notification/dummy/config/routes.rb": [
        1,
        null,
        1,
        null
      ],
      "/vagrant/system_notification/config/routes.rb": [
        1,
        null
      ],
      "/vagrant/system_notification/dummy/app/helpers/application_helper.rb": [
        1,
        null
      ],
      "/vagrant/system_notification/app/models/system_notification/message.rb": [
        1,
        1,
        null,
        null
      ]
    },
    "timestamp": 1448547530
  }
}
